

Processing BufsInfoDocController#index_nodes (for 66.92.144.112 at 2010-10-14 12:49:19) [GET]
  Parameters: {"uniqIterator"=>"0"}
Completed in 374ms (View: 4 | 200 OK [http://bufs.younghawk.org/bufs_info_doc/index_nodes?uniqIterator=0]


Processing BufsInfoDocController#a_t (for 66.92.144.112 at 2010-10-14 12:49:20) [GET]
Rendering bufs_info_doc/a_t
Completed in 17ms (View: 17 | 200 OK [http://bufs.younghawk.org/bufs_info_doc/a_t]


Processing BufsInfoDocController#index_nodes (for 66.92.144.112 at 2010-10-14 12:49:39) [GET]
  Parameters: {"uniqIterator"=>"0"}
Completed in 90ms (View: 7 | 200 OK [http://bufs.younghawk.org/bufs_info_doc/index_nodes?uniqIterator=0]


Processing BufsInfoDocController#a_t (for 66.92.144.112 at 2010-10-14 12:49:39) [GET]
Rendering bufs_info_doc/a_t
Completed in 22ms (View: 1 | 200 OK [http://bufs.younghawk.org/bufs_info_doc/a_t]


Processing BufsInfoDocController#create_node (for 66.92.144.112 at 2010-10-14 12:50:11) [GET]
  Parameters: {"node_cat"=>"test", "related_tags"=>"", "uniqIterator"=>"1"}
Completed in 82ms (View: 3 | 200 OK [http://bufs.younghawk.org/bufs_info_doc/create_node?node_cat=test&related_tags=&uniqIterator=1]


Processing BufsInfoDocController#index_nodes (for 66.92.144.112 at 2010-10-14 12:50:32) [GET]
  Parameters: {"uniqIterator"=>"0"}
Completed in 56ms (View: 3 | 200 OK [http://bufs.younghawk.org/bufs_info_doc/index_nodes?uniqIterator=0]


Processing BufsInfoDocController#a_t (for 66.92.144.112 at 2010-10-14 12:50:32) [GET]
Rendering bufs_info_doc/a_t
Completed in 2ms (View: 1 | 200 OK [http://bufs.younghawk.org/bufs_info_doc/a_t]


Processing BufsInfoDocController#destroy_node (for 66.92.144.112 at 2010-10-14 12:51:31) [GET]
  Parameters: {"node_cat"=>"test", "uniqIterator"=>"1"}
Completed in 158ms (View: 3 | 200 OK [http://bufs.younghawk.org/bufs_info_doc/destroy_node?node_cat=test&uniqIterator=1]


Processing BufsInfoDocController#create_node (for 66.92.144.112 at 2010-10-14 12:52:29) [GET]
  Parameters: {"node_cat"=>"test", "related_tags"=>"", "uniqIterator"=>"2"}
Completed in 98ms (View: 41 | 200 OK [http://bufs.younghawk.org/bufs_info_doc/create_node?node_cat=test&related_tags=&uniqIterator=2]


Processing BufsInfoDocController#index_nodes (for 66.92.144.112 at 2010-10-14 13:05:56) [GET]
  Parameters: {"uniqIterator"=>"0"}

RuntimeError (No Node Environment provided):
  /media-ec2/ec2a/projects/bufs/lib/bufs_node_factory.rb:5:in `make'
  app/controllers/application_controller.rb:15:in `current_user_db'
  app/controllers/bufs_info_doc_controller.rb:12:in `index_nodes'
  <internal:prelude>:8:in `synchronize'
  /usr/local/lib/ruby/1.9.1/webrick/httpserver.rb:111:in `service'
  /usr/local/lib/ruby/1.9.1/webrick/httpserver.rb:70:in `run'
  /usr/local/lib/ruby/1.9.1/webrick/server.rb:183:in `block in start_thread'

Rendered rescues/_trace (84.2ms)
Rendered rescues/_request_and_response (1.0ms)
Rendering rescues/layout (internal_server_error)


Processing BufsInfoDocController#a_t (for 66.92.144.112 at 2010-10-14 13:05:56) [GET]
Rendering bufs_info_doc/a_t
Completed in 1ms (View: 1 | 200 OK [http://bufs.younghawk.org/bufs_info_doc/a_t]


Processing BufsInfoDocController#index_nodes (for 66.92.144.112 at 2010-10-14 13:06:11) [GET]
  Parameters: {"uniqIterator"=>"0"}

RuntimeError (No Node Environment provided):
  /media-ec2/ec2a/projects/bufs/lib/bufs_node_factory.rb:5:in `make'
  app/controllers/application_controller.rb:15:in `current_user_db'
  app/controllers/bufs_info_doc_controller.rb:12:in `index_nodes'
  <internal:prelude>:8:in `synchronize'
  /usr/local/lib/ruby/1.9.1/webrick/httpserver.rb:111:in `service'
  /usr/local/lib/ruby/1.9.1/webrick/httpserver.rb:70:in `run'
  /usr/local/lib/ruby/1.9.1/webrick/server.rb:183:in `block in start_thread'

Rendered rescues/_trace (108.3ms)
Rendered rescues/_request_and_response (0.2ms)
Rendering rescues/layout (internal_server_error)


Processing BufsInfoDocController#a_t (for 66.92.144.112 at 2010-10-14 13:06:11) [GET]
Rendering bufs_info_doc/a_t
Completed in 2ms (View: 1 | 200 OK [http://bufs.younghawk.org/bufs_info_doc/a_t]


Processing BufsInfoDocController#log_out (for 66.92.144.112 at 2010-10-14 13:06:33) [GET]
Redirected to http://bufs.younghawk.org:3000/index
Completed in 1ms | 302 Found [http://bufs.younghawk.org/bufs_info_doc/log_out]


Processing BufsInfoDocController#log_in_form (for 66.92.144.112 at 2010-10-14 13:06:34) [GET]
Rendering bufs_info_doc/log_in_form
Completed in 73ms (View: 72 | 200 OK [http://bufs.younghawk.org/index]


Processing BufsInfoDocController#log_in (for 66.92.144.112 at 2010-10-14 13:06:44) [POST]
  Parameters: {"authenticity_token"=>"Opf2HFP9/iqv0pCoHbZZrIwJJPl2Mb4vYE8oReBgj9A=", "db_name"=>"live_data", "user_id"=>"patentmgr", "commit"=>"Submit"}
Redirected to http://bufs.younghawk.org:3000/bufs_vis/bufs_graph.html
Completed in 58ms | 302 Found [http://bufs.younghawk.org/bufs_info_doc/log_in]


Processing BufsInfoDocController#index_nodes (for 66.92.144.112 at 2010-10-14 13:06:46) [GET]
  Parameters: {"uniqIterator"=>"0"}
Completed in 83ms (View: 27 | 200 OK [http://bufs.younghawk.org/bufs_info_doc/index_nodes?uniqIterator=0]


Processing BufsInfoDocController#a_t (for 66.92.144.112 at 2010-10-14 13:06:47) [GET]
Rendering bufs_info_doc/a_t
Completed in 2ms (View: 1 | 200 OK [http://bufs.younghawk.org/bufs_info_doc/a_t]


Processing BufsInfoDocController#index_nodes (for 66.92.144.112 at 2010-10-14 13:39:31) [GET]
  Parameters: {"uniqIterator"=>"0"}

RuntimeError (No Node Environment provided):
  /media-ec2/ec2a/projects/bufs/lib/bufs_node_factory.rb:5:in `make'
  app/controllers/application_controller.rb:15:in `current_user_db'
  app/controllers/bufs_info_doc_controller.rb:12:in `index_nodes'
  <internal:prelude>:8:in `synchronize'
  /usr/local/lib/ruby/1.9.1/webrick/httpserver.rb:111:in `service'
  /usr/local/lib/ruby/1.9.1/webrick/httpserver.rb:70:in `run'
  /usr/local/lib/ruby/1.9.1/webrick/server.rb:183:in `block in start_thread'

Rendered rescues/_trace (87.4ms)
Rendered rescues/_request_and_response (1.0ms)
Rendering rescues/layout (internal_server_error)


Processing BufsInfoDocController#a_t (for 66.92.144.112 at 2010-10-14 13:39:31) [GET]
Rendering bufs_info_doc/a_t
Completed in 8ms (View: 7 | 200 OK [http://bufs.younghawk.org/bufs_info_doc/a_t]


Processing BufsInfoDocController#log_out (for 66.92.144.112 at 2010-10-14 13:39:34) [GET]
Redirected to http://bufs.younghawk.org:3000/index
Completed in 1ms | 302 Found [http://bufs.younghawk.org/bufs_info_doc/log_out]


Processing BufsInfoDocController#log_in_form (for 66.92.144.112 at 2010-10-14 13:39:34) [GET]
Rendering bufs_info_doc/log_in_form
Completed in 150ms (View: 149 | 200 OK [http://bufs.younghawk.org/index]


Processing BufsInfoDocController#log_in (for 66.92.144.112 at 2010-10-14 13:39:46) [POST]
  Parameters: {"authenticity_token"=>"FSAznIhcQjctzEqLUzTAXIBCHsASaVZDkm8Fjv1/F44=", "db_name"=>"live_data", "user_id"=>"patentmgr", "commit"=>"Submit"}
Redirected to http://bufs.younghawk.org:3000/bufs_vis/bufs_graph.html
Completed in 344ms | 302 Found [http://bufs.younghawk.org/bufs_info_doc/log_in]


Processing BufsInfoDocController#index_nodes (for 66.92.144.112 at 2010-10-14 13:39:47) [GET]
  Parameters: {"uniqIterator"=>"0"}
Completed in 77ms (View: 3 | 200 OK [http://bufs.younghawk.org/bufs_info_doc/index_nodes?uniqIterator=0]


Processing BufsInfoDocController#a_t (for 66.92.144.112 at 2010-10-14 13:39:47) [GET]
Rendering bufs_info_doc/a_t
Completed in 2ms (View: 1 | 200 OK [http://bufs.younghawk.org/bufs_info_doc/a_t]


Processing BufsInfoDocController#index_nodes (for 66.92.144.112 at 2010-10-14 13:39:59) [GET]
  Parameters: {"uniqIterator"=>"0"}
Completed in 79ms (View: 3 | 200 OK [http://bufs.younghawk.org/bufs_info_doc/index_nodes?uniqIterator=0]


Processing BufsInfoDocController#a_t (for 66.92.144.112 at 2010-10-14 13:40:00) [GET]
Rendering bufs_info_doc/a_t
Completed in 2ms (View: 1 | 200 OK [http://bufs.younghawk.org/bufs_info_doc/a_t]


Processing BufsInfoDocController#index_nodes (for 66.92.144.112 at 2010-10-14 13:40:07) [GET]
  Parameters: {"uniqIterator"=>"0"}
Completed in 160ms (View: 13 | 200 OK [http://bufs.younghawk.org/bufs_info_doc/index_nodes?uniqIterator=0]


Processing BufsInfoDocController#a_t (for 66.92.144.112 at 2010-10-14 13:40:07) [GET]
Rendering bufs_info_doc/a_t
Completed in 28ms (View: 1 | 200 OK [http://bufs.younghawk.org/bufs_info_doc/a_t]


Processing BufsInfoDocController#destroy_node (for 66.92.144.112 at 2010-10-14 13:40:16) [GET]
  Parameters: {"node_cat"=>"test", "uniqIterator"=>"1"}
Completed in 107ms (View: 3 | 200 OK [http://bufs.younghawk.org/bufs_info_doc/destroy_node?node_cat=test&uniqIterator=1]


Processing BufsInfoDocController#create_node (for 66.92.144.112 at 2010-10-14 13:40:22) [GET]
  Parameters: {"node_cat"=>"test", "related_tags"=>"", "uniqIterator"=>"2"}
Completed in 106ms (View: 3 | 200 OK [http://bufs.younghawk.org/bufs_info_doc/create_node?node_cat=test&related_tags=&uniqIterator=2]


Processing BufsInfoDocController#index_nodes (for 66.92.144.112 at 2010-10-14 13:40:27) [GET]
  Parameters: {"uniqIterator"=>"0"}
Completed in 58ms (View: 3 | 200 OK [http://bufs.younghawk.org/bufs_info_doc/index_nodes?uniqIterator=0]


Processing BufsInfoDocController#a_t (for 66.92.144.112 at 2010-10-14 13:40:27) [GET]
Rendering bufs_info_doc/a_t
Completed in 2ms (View: 1 | 200 OK [http://bufs.younghawk.org/bufs_info_doc/a_t]


Processing BufsInfoDocController#index_nodes (for 66.92.144.112 at 2010-10-14 13:40:34) [GET]
  Parameters: {"uniqIterator"=>"0"}
Completed in 83ms (View: 3 | 200 OK [http://bufs.younghawk.org/bufs_info_doc/index_nodes?uniqIterator=0]


Processing BufsInfoDocController#a_t (for 66.92.144.112 at 2010-10-14 13:40:34) [GET]
Rendering bufs_info_doc/a_t
Completed in 1ms (View: 1 | 200 OK [http://bufs.younghawk.org/bufs_info_doc/a_t]


Processing BufsInfoDocController#destroy_node (for 66.92.144.112 at 2010-10-14 13:41:02) [GET]
  Parameters: {"node_cat"=>"test", "uniqIterator"=>"1"}
Completed in 111ms (View: 3 | 200 OK [http://bufs.younghawk.org/bufs_info_doc/destroy_node?node_cat=test&uniqIterator=1]


Processing BufsInfoDocController#create_node (for 66.92.144.112 at 2010-10-14 13:41:10) [GET]
  Parameters: {"node_cat"=>"test", "related_tags"=>"", "uniqIterator"=>"2"}
Completed in 106ms (View: 3 | 200 OK [http://bufs.younghawk.org/bufs_info_doc/create_node?node_cat=test&related_tags=&uniqIterator=2]


Processing BufsInfoDocController#index_nodes (for 66.92.144.112 at 2010-10-14 13:41:15) [GET]
  Parameters: {"uniqIterator"=>"0"}
Completed in 69ms (View: 3 | 200 OK [http://bufs.younghawk.org/bufs_info_doc/index_nodes?uniqIterator=0]


Processing BufsInfoDocController#a_t (for 66.92.144.112 at 2010-10-14 13:41:15) [GET]
Rendering bufs_info_doc/a_t
Completed in 1ms (View: 1 | 200 OK [http://bufs.younghawk.org/bufs_info_doc/a_t]


Processing BufsInfoDocController#destroy_node (for 66.92.144.112 at 2010-10-14 13:42:10) [GET]
  Parameters: {"node_cat"=>"test", "uniqIterator"=>"1"}
Completed in 113ms (View: 3 | 200 OK [http://bufs.younghawk.org/bufs_info_doc/destroy_node?node_cat=test&uniqIterator=1]


Processing BufsInfoDocController#create_node (for 66.92.144.112 at 2010-10-14 13:42:27) [GET]
  Parameters: {"node_cat"=>"test", "related_tags"=>"", "uniqIterator"=>"2"}
Completed in 77ms (View: 3 | 200 OK [http://bufs.younghawk.org/bufs_info_doc/create_node?node_cat=test&related_tags=&uniqIterator=2]


Processing BufsInfoDocController#a_t (for 66.92.144.112 at 2010-10-14 13:42:41) [GET]
Rendering bufs_info_doc/a_t
Completed in 2ms (View: 1 | 200 OK [http://bufs.younghawk.org/bufs_info_doc/a_t]


Processing BufsInfoDocController#index_nodes (for 66.92.144.112 at 2010-10-14 13:42:41) [GET]
  Parameters: {"uniqIterator"=>"0"}
Completed in 29ms (View: 3 | 200 OK [http://bufs.younghawk.org/bufs_info_doc/index_nodes?uniqIterator=0]


Processing BufsInfoDocController#destroy_node (for 66.92.144.112 at 2010-10-14 13:42:45) [GET]
  Parameters: {"node_cat"=>"test", "uniqIterator"=>"1"}
Completed in 142ms (View: 3 | 200 OK [http://bufs.younghawk.org/bufs_info_doc/destroy_node?node_cat=test&uniqIterator=1]


Processing BufsInfoDocController#a_t (for 66.92.144.112 at 2010-10-14 13:44:00) [GET]
Rendering bufs_info_doc/a_t
Completed in 72ms (View: 1 | 200 OK [http://bufs.younghawk.org/bufs_info_doc/a_t]


Processing BufsInfoDocController#index_nodes (for 66.92.144.112 at 2010-10-14 13:44:01) [GET]
  Parameters: {"uniqIterator"=>"0"}
Completed in 97ms (View: 23 | 200 OK [http://bufs.younghawk.org/bufs_info_doc/index_nodes?uniqIterator=0]


Processing BufsInfoDocController#create_node (for 66.92.144.112 at 2010-10-14 13:44:13) [GET]
  Parameters: {"node_cat"=>"test", "related_tags"=>"", "uniqIterator"=>"1"}
Completed in 105ms (View: 3 | 200 OK [http://bufs.younghawk.org/bufs_info_doc/create_node?node_cat=test&related_tags=&uniqIterator=1]


Processing BufsInfoDocController#index_nodes (for 66.92.144.112 at 2010-10-14 13:44:33) [GET]
  Parameters: {"uniqIterator"=>"0"}
Completed in 31ms (View: 3 | 200 OK [http://bufs.younghawk.org/bufs_info_doc/index_nodes?uniqIterator=0]


Processing BufsInfoDocController#a_t (for 66.92.144.112 at 2010-10-14 13:44:33) [GET]
Rendering bufs_info_doc/a_t
Completed in 50ms (View: 1 | 200 OK [http://bufs.younghawk.org/bufs_info_doc/a_t]


Processing BufsInfoDocController#index_nodes (for 66.92.144.112 at 2010-10-14 13:46:02) [GET]
  Parameters: {"uniqIterator"=>"0"}
Completed in 81ms (View: 3 | 200 OK [http://bufs.younghawk.org/bufs_info_doc/index_nodes?uniqIterator=0]


Processing BufsInfoDocController#a_t (for 66.92.144.112 at 2010-10-14 13:46:02) [GET]
Rendering bufs_info_doc/a_t
Completed in 1ms (View: 1 | 200 OK [http://bufs.younghawk.org/bufs_info_doc/a_t]


Processing BufsInfoDocController#index_nodes (for 66.92.144.112 at 2010-10-14 13:50:48) [GET]
  Parameters: {"uniqIterator"=>"0"}

RuntimeError (No Node Environment provided):
  /media-ec2/ec2a/projects/bufs/lib/bufs_node_factory.rb:5:in `make'
  app/controllers/application_controller.rb:15:in `current_user_db'
  app/controllers/bufs_info_doc_controller.rb:12:in `index_nodes'
  <internal:prelude>:8:in `synchronize'
  /usr/local/lib/ruby/1.9.1/webrick/httpserver.rb:111:in `service'
  /usr/local/lib/ruby/1.9.1/webrick/httpserver.rb:70:in `run'
  /usr/local/lib/ruby/1.9.1/webrick/server.rb:183:in `block in start_thread'

Rendered rescues/_trace (61.1ms)
Rendered rescues/_request_and_response (10.3ms)
Rendering rescues/layout (internal_server_error)


Processing BufsInfoDocController#a_t (for 66.92.144.112 at 2010-10-14 13:50:49) [GET]
Rendering bufs_info_doc/a_t
Completed in 1ms (View: 0 | 200 OK [http://bufs.younghawk.org/bufs_info_doc/a_t]


Processing BufsInfoDocController#index_nodes (for 66.92.144.112 at 2010-10-14 13:50:59) [GET]
  Parameters: {"uniqIterator"=>"0"}

RuntimeError (No Node Environment provided):
  /media-ec2/ec2a/projects/bufs/lib/bufs_node_factory.rb:5:in `make'
  app/controllers/application_controller.rb:15:in `current_user_db'
  app/controllers/bufs_info_doc_controller.rb:12:in `index_nodes'
  <internal:prelude>:8:in `synchronize'
  /usr/local/lib/ruby/1.9.1/webrick/httpserver.rb:111:in `service'
  /usr/local/lib/ruby/1.9.1/webrick/httpserver.rb:70:in `run'
  /usr/local/lib/ruby/1.9.1/webrick/server.rb:183:in `block in start_thread'

Rendered rescues/_trace (150.4ms)
Rendered rescues/_request_and_response (0.2ms)
Rendering rescues/layout (internal_server_error)


Processing BufsInfoDocController#a_t (for 66.92.144.112 at 2010-10-14 13:50:59) [GET]
Rendering bufs_info_doc/a_t
Completed in 2ms (View: 1 | 200 OK [http://bufs.younghawk.org/bufs_info_doc/a_t]


Processing BufsInfoDocController#log_out (for 66.92.144.112 at 2010-10-14 13:51:03) [GET]
Redirected to http://bufs.younghawk.org:3000/index
Completed in 1ms | 302 Found [http://bufs.younghawk.org/bufs_info_doc/log_out]


Processing BufsInfoDocController#log_in_form (for 66.92.144.112 at 2010-10-14 13:51:03) [GET]
Rendering bufs_info_doc/log_in_form
Completed in 22ms (View: 21 | 200 OK [http://bufs.younghawk.org/index]


Processing BufsInfoDocController#log_in (for 66.92.144.112 at 2010-10-14 13:51:14) [POST]
  Parameters: {"authenticity_token"=>"apoj5ZujswcezEJ1R+hl0NpK2Apxkb5qezj+xIYr54s=", "db_name"=>"live_data", "user_id"=>"patentmgr", "commit"=>"Submit"}
Redirected to http://bufs.younghawk.org:3000/bufs_vis/bufs_graph.html
Completed in 68ms | 302 Found [http://bufs.younghawk.org/bufs_info_doc/log_in]


Processing BufsInfoDocController#index_nodes (for 66.92.144.112 at 2010-10-14 13:51:14) [GET]
  Parameters: {"uniqIterator"=>"0"}
Completed in 81ms (View: 3 | 200 OK [http://bufs.younghawk.org/bufs_info_doc/index_nodes?uniqIterator=0]


Processing BufsInfoDocController#a_t (for 66.92.144.112 at 2010-10-14 13:51:14) [GET]
Rendering bufs_info_doc/a_t
Completed in 2ms (View: 1 | 200 OK [http://bufs.younghawk.org/bufs_info_doc/a_t]


Processing BufsInfoDocController#destroy_node (for 66.92.144.112 at 2010-10-14 13:51:20) [GET]
  Parameters: {"node_cat"=>"test", "uniqIterator"=>"1"}
Completed in 118ms (View: 10 | 200 OK [http://bufs.younghawk.org/bufs_info_doc/destroy_node?node_cat=test&uniqIterator=1]


Processing BufsInfoDocController#create_node (for 66.92.144.112 at 2010-10-14 13:54:55) [GET]
  Parameters: {"node_cat"=>"test", "related_tags"=>"", "uniqIterator"=>"2"}
Completed in 164ms (View: 3 | 200 OK [http://bufs.younghawk.org/bufs_info_doc/create_node?node_cat=test&related_tags=&uniqIterator=2]


Processing BufsInfoDocController#a_t (for 66.92.144.112 at 2010-10-14 13:56:24) [GET]
Rendering bufs_info_doc/a_t
Completed in 2ms (View: 1 | 200 OK [http://bufs.younghawk.org/bufs_info_doc/a_t]


Processing BufsInfoDocController#index_nodes (for 66.92.144.112 at 2010-10-14 13:56:24) [GET]
  Parameters: {"uniqIterator"=>"0"}
Completed in 29ms (View: 3 | 200 OK [http://bufs.younghawk.org/bufs_info_doc/index_nodes?uniqIterator=0]


Processing BufsInfoDocController#destroy_node (for 66.92.144.112 at 2010-10-14 13:56:28) [GET]
  Parameters: {"node_cat"=>"test", "uniqIterator"=>"1"}
Completed in 114ms (View: 3 | 200 OK [http://bufs.younghawk.org/bufs_info_doc/destroy_node?node_cat=test&uniqIterator=1]


Processing BufsInfoDocController#create_node (for 66.92.144.112 at 2010-10-14 13:56:35) [GET]
  Parameters: {"node_cat"=>"test", "related_tags"=>"", "uniqIterator"=>"2"}
Completed in 165ms (View: 3 | 200 OK [http://bufs.younghawk.org/bufs_info_doc/create_node?node_cat=test&related_tags=&uniqIterator=2]


Processing BufsInfoDocController#index_nodes (for 66.92.144.112 at 2010-10-14 13:59:18) [GET]
  Parameters: {"uniqIterator"=>"0"}
Completed in 54ms (View: 24 | 200 OK [http://bufs.younghawk.org/bufs_info_doc/index_nodes?uniqIterator=0]


Processing BufsInfoDocController#a_t (for 66.92.144.112 at 2010-10-14 13:59:18) [GET]
Rendering bufs_info_doc/a_t
Completed in 1ms (View: 1 | 200 OK [http://bufs.younghawk.org/bufs_info_doc/a_t]


Processing BufsInfoDocController#destroy_node (for 66.92.144.112 at 2010-10-14 13:59:24) [GET]
  Parameters: {"node_cat"=>"test", "uniqIterator"=>"1"}
Completed in 146ms (View: 13 | 200 OK [http://bufs.younghawk.org/bufs_info_doc/destroy_node?node_cat=test&uniqIterator=1]


Processing BufsInfoDocController#create_node (for 66.92.144.112 at 2010-10-14 13:59:29) [GET]
  Parameters: {"node_cat"=>"test", "related_tags"=>"", "uniqIterator"=>"2"}
Completed in 199ms (View: 3 | 200 OK [http://bufs.younghawk.org/bufs_info_doc/create_node?node_cat=test&related_tags=&uniqIterator=2]


Processing BufsInfoDocController#destroy_node (for 66.92.144.112 at 2010-10-14 13:59:39) [GET]
  Parameters: {"node_cat"=>"test", "uniqIterator"=>"3"}
Completed in 95ms (View: 12 | 200 OK [http://bufs.younghawk.org/bufs_info_doc/destroy_node?node_cat=test&uniqIterator=3]


Processing BufsInfoDocController#create_node (for 66.92.144.112 at 2010-10-14 13:59:58) [GET]
  Parameters: {"node_cat"=>"test", "related_tags"=>"", "uniqIterator"=>"4"}
Completed in 65ms (View: 34 | 200 OK [http://bufs.younghawk.org/bufs_info_doc/create_node?node_cat=test&related_tags=&uniqIterator=4]


Processing BufsInfoDocController#destroy_node (for 66.92.144.112 at 2010-10-14 14:00:03) [GET]
  Parameters: {"node_cat"=>"test", "uniqIterator"=>"5"}
Completed in 142ms (View: 3 | 200 OK [http://bufs.younghawk.org/bufs_info_doc/destroy_node?node_cat=test&uniqIterator=5]


Processing BufsInfoDocController#create_node (for 66.92.144.112 at 2010-10-14 14:01:29) [GET]
  Parameters: {"node_cat"=>"test", "related_tags"=>"", "uniqIterator"=>"6"}
Completed in 86ms (View: 3 | 200 OK [http://bufs.younghawk.org/bufs_info_doc/create_node?node_cat=test&related_tags=&uniqIterator=6]


Processing BufsInfoDocController#destroy_node (for 66.92.144.112 at 2010-10-14 14:01:44) [GET]
  Parameters: {"node_cat"=>"test", "uniqIterator"=>"7"}
Completed in 170ms (View: 3 | 200 OK [http://bufs.younghawk.org/bufs_info_doc/destroy_node?node_cat=test&uniqIterator=7]


Processing BufsInfoDocController#create_node (for 66.92.144.112 at 2010-10-14 14:02:21) [GET]
  Parameters: {"node_cat"=>"test", "related_tags"=>"", "uniqIterator"=>"8"}
Completed in 81ms (View: 3 | 200 OK [http://bufs.younghawk.org/bufs_info_doc/create_node?node_cat=test&related_tags=&uniqIterator=8]


Processing BufsInfoDocController#destroy_node (for 66.92.144.112 at 2010-10-14 14:02:30) [GET]
  Parameters: {"node_cat"=>"test", "uniqIterator"=>"9"}
Completed in 147ms (View: 3 | 200 OK [http://bufs.younghawk.org/bufs_info_doc/destroy_node?node_cat=test&uniqIterator=9]


Processing BufsInfoDocController#create_node (for 66.92.144.112 at 2010-10-14 14:02:35) [GET]
  Parameters: {"node_cat"=>"test", "related_tags"=>"", "uniqIterator"=>"10"}
Completed in 84ms (View: 3 | 200 OK [http://bufs.younghawk.org/bufs_info_doc/create_node?node_cat=test&related_tags=&uniqIterator=10]


Processing BufsInfoDocController#destroy_node (for 66.92.144.112 at 2010-10-14 14:02:47) [GET]
  Parameters: {"node_cat"=>"test", "uniqIterator"=>"11"}
Completed in 143ms (View: 3 | 200 OK [http://bufs.younghawk.org/bufs_info_doc/destroy_node?node_cat=test&uniqIterator=11]


Processing BufsInfoDocController#create_node (for 66.92.144.112 at 2010-10-14 14:03:17) [GET]
  Parameters: {"node_cat"=>"test", "related_tags"=>"", "uniqIterator"=>"12"}
Completed in 157ms (View: 3 | 200 OK [http://bufs.younghawk.org/bufs_info_doc/create_node?node_cat=test&related_tags=&uniqIterator=12]


Processing BufsInfoDocController#create_node (for 66.92.144.112 at 2010-10-14 14:03:25) [GET]
  Parameters: {"node_cat"=>"test1", "related_tags"=>"", "uniqIterator"=>"13"}
Completed in 108ms (View: 3 | 200 OK [http://bufs.younghawk.org/bufs_info_doc/create_node?node_cat=test1&related_tags=&uniqIterator=13]


Processing BufsInfoDocController#destroy_node (for 66.92.144.112 at 2010-10-14 14:03:31) [GET]
  Parameters: {"node_cat"=>"test1", "uniqIterator"=>"14"}
Completed in 132ms (View: 3 | 200 OK [http://bufs.younghawk.org/bufs_info_doc/destroy_node?node_cat=test1&uniqIterator=14]


Processing BufsInfoDocController#destroy_node (for 66.92.144.112 at 2010-10-14 14:03:35) [GET]
  Parameters: {"node_cat"=>"test", "uniqIterator"=>"15"}
Completed in 134ms (View: 25 | 200 OK [http://bufs.younghawk.org/bufs_info_doc/destroy_node?node_cat=test&uniqIterator=15]


Processing BufsInfoDocController#log_in_form (for 66.92.144.112 at 2010-10-14 15:16:28) [GET]
Rendering bufs_info_doc/log_in_form
Completed in 53ms (View: 52 | 200 OK [http://bufs.younghawk.org/bufs_info_doc/log_in_form]


Processing BufsInfoDocController#log_in (for 66.92.144.112 at 2010-10-14 15:16:35) [POST]
  Parameters: {"authenticity_token"=>"2+VLf1kfomMwXp7qQCLoM48hgKM+plie6ESUf/qjhHk=", "db_name"=>"live_data", "user_id"=>"patentmgr", "commit"=>"Submit"}
Redirected to http://bufs.younghawk.org:3000/bufs_vis/bufs_graph.html
Completed in 336ms | 302 Found [http://bufs.younghawk.org/bufs_info_doc/log_in]


Processing BufsInfoDocController#index_nodes (for 66.92.144.112 at 2010-10-14 15:16:39) [GET]
  Parameters: {"uniqIterator"=>"0"}
Completed in 71ms (View: 3 | 200 OK [http://bufs.younghawk.org/bufs_info_doc/index_nodes?uniqIterator=0]


Processing BufsInfoDocController#a_t (for 66.92.144.112 at 2010-10-14 15:16:39) [GET]
Rendering bufs_info_doc/a_t
Completed in 17ms (View: 16 | 200 OK [http://bufs.younghawk.org/bufs_info_doc/a_t]


Processing BufsInfoDocController#create_node (for 66.92.144.112 at 2010-10-14 15:16:46) [GET]
  Parameters: {"node_cat"=>"test", "related_tags"=>"", "uniqIterator"=>"1"}
Completed in 148ms (View: 14 | 200 OK [http://bufs.younghawk.org/bufs_info_doc/create_node?node_cat=test&related_tags=&uniqIterator=1]


Processing BufsInfoDocController#destroy_node (for 66.92.144.112 at 2010-10-14 15:17:00) [GET]
  Parameters: {"node_cat"=>"test", "uniqIterator"=>"2"}
Completed in 138ms (View: 3 | 200 OK [http://bufs.younghawk.org/bufs_info_doc/destroy_node?node_cat=test&uniqIterator=2]


Processing BufsInfoDocController#create_node (for 66.92.144.112 at 2010-10-14 15:19:01) [GET]
  Parameters: {"node_cat"=>"test", "related_tags"=>"", "uniqIterator"=>"3"}
Completed in 423ms (View: 4 | 200 OK [http://bufs.younghawk.org/bufs_info_doc/create_node?node_cat=test&related_tags=&uniqIterator=3]


Processing BufsInfoDocController#destroy_node (for 66.92.144.112 at 2010-10-14 15:19:08) [GET]
  Parameters: {"node_cat"=>"test", "uniqIterator"=>"4"}
Completed in 155ms (View: 3 | 200 OK [http://bufs.younghawk.org/bufs_info_doc/destroy_node?node_cat=test&uniqIterator=4]


Processing BufsInfoDocController#index_nodes (for 66.92.144.112 at 2010-10-15 17:59:35) [GET]
  Parameters: {"uniqIterator"=>"0"}
Completed in 398ms (View: 4 | 200 OK [http://bufs.younghawk.org/bufs_info_doc/index_nodes?uniqIterator=0]


Processing BufsInfoDocController#a_t (for 66.92.144.112 at 2010-10-15 17:59:35) [GET]
Rendering bufs_info_doc/a_t
Completed in 23ms (View: 22 | 200 OK [http://bufs.younghawk.org/bufs_info_doc/a_t]


Processing BufsInfoDocController#export_to_file (for 66.92.144.112 at 2010-10-15 17:59:37) [GET]

NoMethodError (undefined method `get_user_node' for BindUserFileSystem:Class):
  app/controllers/bufs_info_doc_controller.rb:318:in `export_to_file'
  <internal:prelude>:8:in `synchronize'
  /usr/local/lib/ruby/1.9.1/webrick/httpserver.rb:111:in `service'
  /usr/local/lib/ruby/1.9.1/webrick/httpserver.rb:70:in `run'
  /usr/local/lib/ruby/1.9.1/webrick/server.rb:183:in `block in start_thread'

Rendered rescues/_trace (131.5ms)
Rendered rescues/_request_and_response (1.0ms)
Rendering rescues/layout (internal_server_error)


Processing BufsInfoDocController#index_nodes (for 66.92.144.112 at 2010-10-15 18:00:32) [GET]
  Parameters: {"uniqIterator"=>"0"}
Completed in 81ms (View: 3 | 200 OK [http://bufs.younghawk.org/bufs_info_doc/index_nodes?uniqIterator=0]


Processing BufsInfoDocController#a_t (for 66.92.144.112 at 2010-10-15 18:00:32) [GET]
Rendering bufs_info_doc/a_t
Completed in 1ms (View: 1 | 200 OK [http://bufs.younghawk.org/bufs_info_doc/a_t]


Processing BufsInfoDocController#export_to_file (for 66.92.144.112 at 2010-10-15 18:00:34) [GET]

NoMethodError (undefined method `create_from_doc_node' for BufsNodeFactory::FileSyspatentmgr:Class):
  app/controllers/bufs_info_doc_controller.rb:324:in `block in export_to_file'
  app/controllers/bufs_info_doc_controller.rb:323:in `each'
  app/controllers/bufs_info_doc_controller.rb:323:in `export_to_file'
  <internal:prelude>:8:in `synchronize'
  /usr/local/lib/ruby/1.9.1/webrick/httpserver.rb:111:in `service'
  /usr/local/lib/ruby/1.9.1/webrick/httpserver.rb:70:in `run'
  /usr/local/lib/ruby/1.9.1/webrick/server.rb:183:in `block in start_thread'

Rendered rescues/_trace (77.8ms)
Rendered rescues/_request_and_response (0.2ms)
Rendering rescues/layout (internal_server_error)


Processing BufsInfoDocController#index_nodes (for 66.92.144.112 at 2010-10-15 18:01:08) [GET]
  Parameters: {"uniqIterator"=>"0"}
Completed in 112ms (View: 9 | 200 OK [http://bufs.younghawk.org/bufs_info_doc/index_nodes?uniqIterator=0]


Processing BufsInfoDocController#a_t (for 66.92.144.112 at 2010-10-15 18:01:08) [GET]
Rendering bufs_info_doc/a_t
Completed in 1ms (View: 1 | 200 OK [http://bufs.younghawk.org/bufs_info_doc/a_t]


Processing BufsInfoDocController#export_to_file (for 66.92.144.112 at 2010-10-15 18:01:12) [GET]

NoMethodError (undefined method `create_from_other_node' for BufsNodeFactory::FileSyspatentmgr:Class):
  app/controllers/bufs_info_doc_controller.rb:324:in `block in export_to_file'
  app/controllers/bufs_info_doc_controller.rb:323:in `each'
  app/controllers/bufs_info_doc_controller.rb:323:in `export_to_file'
  <internal:prelude>:8:in `synchronize'
  /usr/local/lib/ruby/1.9.1/webrick/httpserver.rb:111:in `service'
  /usr/local/lib/ruby/1.9.1/webrick/httpserver.rb:70:in `run'
  /usr/local/lib/ruby/1.9.1/webrick/server.rb:183:in `block in start_thread'

Rendered rescues/_trace (109.0ms)
Rendered rescues/_request_and_response (0.2ms)
Rendering rescues/layout (internal_server_error)


Processing BufsInfoDocController#index_nodes (for 66.92.144.112 at 2010-10-15 18:02:02) [GET]
  Parameters: {"uniqIterator"=>"0"}
Completed in 93ms (View: 23 | 200 OK [http://bufs.younghawk.org/bufs_info_doc/index_nodes?uniqIterator=0]


Processing BufsInfoDocController#a_t (for 66.92.144.112 at 2010-10-15 18:02:02) [GET]
Rendering bufs_info_doc/a_t
Completed in 13ms (View: 13 | 200 OK [http://bufs.younghawk.org/bufs_info_doc/a_t]


Processing BufsInfoDocController#export_to_file (for 66.92.144.112 at 2010-10-15 18:02:07) [GET]

NoMethodError (You have a nil object when you didn't expect it!
You might have expected an instance of Array.
The error occurred while evaluating nil.each):
  /media-ec2/ec2a/projects/bufs/lib/bufs_base_node.rb:348:in `__create_from_other_node'
  app/controllers/bufs_info_doc_controller.rb:324:in `block in export_to_file'
  app/controllers/bufs_info_doc_controller.rb:323:in `each'
  app/controllers/bufs_info_doc_controller.rb:323:in `export_to_file'
  <internal:prelude>:8:in `synchronize'
  /usr/local/lib/ruby/1.9.1/webrick/httpserver.rb:111:in `service'
  /usr/local/lib/ruby/1.9.1/webrick/httpserver.rb:70:in `run'
  /usr/local/lib/ruby/1.9.1/webrick/server.rb:183:in `block in start_thread'

Rendered rescues/_trace (116.3ms)
Rendered rescues/_request_and_response (0.2ms)
Rendering rescues/layout (internal_server_error)


Processing ApplicationController#index_nodes (for 66.92.144.112 at 2010-10-15 18:21:12) [GET]
  Parameters: {"uniqIterator"=>"0"}

SyntaxError (/media-ec2/ec2a/projects/bufs/bufs_rails/app/controllers/bufs_info_doc_controller.rb:340: syntax error, unexpected tSTRING_BEG, expecting keyword_end
    render :text "finished"
                  ^):
  <internal:prelude>:8:in `synchronize'
  /usr/local/lib/ruby/1.9.1/webrick/httpserver.rb:111:in `service'
  /usr/local/lib/ruby/1.9.1/webrick/httpserver.rb:70:in `run'
  /usr/local/lib/ruby/1.9.1/webrick/server.rb:183:in `block in start_thread'

Rendered rescues/_trace (82.6ms)
Rendered rescues/_request_and_response (1.0ms)
Rendering rescues/layout (internal_server_error)


Processing ApplicationController#a_t (for 66.92.144.112 at 2010-10-15 18:21:12) [GET]

SyntaxError (/media-ec2/ec2a/projects/bufs/bufs_rails/app/controllers/bufs_info_doc_controller.rb:340: syntax error, unexpected tSTRING_BEG, expecting keyword_end
    render :text "finished"
                  ^):
  <internal:prelude>:8:in `synchronize'
  /usr/local/lib/ruby/1.9.1/webrick/httpserver.rb:111:in `service'
  /usr/local/lib/ruby/1.9.1/webrick/httpserver.rb:70:in `run'
  /usr/local/lib/ruby/1.9.1/webrick/server.rb:183:in `block in start_thread'

Rendered rescues/_trace (136.9ms)
Rendered rescues/_request_and_response (0.2ms)
Rendering rescues/layout (internal_server_error)


Processing ApplicationController#log_out (for 66.92.144.112 at 2010-10-15 18:21:16) [GET]

SyntaxError (/media-ec2/ec2a/projects/bufs/bufs_rails/app/controllers/bufs_info_doc_controller.rb:340: syntax error, unexpected tSTRING_BEG, expecting keyword_end
    render :text "finished"
                  ^):
  <internal:prelude>:8:in `synchronize'
  /usr/local/lib/ruby/1.9.1/webrick/httpserver.rb:111:in `service'
  /usr/local/lib/ruby/1.9.1/webrick/httpserver.rb:70:in `run'
  /usr/local/lib/ruby/1.9.1/webrick/server.rb:183:in `block in start_thread'

Rendered rescues/_trace (81.5ms)
Rendered rescues/_request_and_response (0.2ms)
Rendering rescues/layout (internal_server_error)


Processing BufsInfoDocController#log_out (for 66.92.144.112 at 2010-10-15 18:21:42) [GET]
Redirected to http://bufs.younghawk.org:3000/index
Completed in 1ms | 302 Found [http://bufs.younghawk.org/bufs_info_doc/log_out]


Processing BufsInfoDocController#log_in_form (for 66.92.144.112 at 2010-10-15 18:21:42) [GET]
Rendering bufs_info_doc/log_in_form
Completed in 146ms (View: 145 | 200 OK [http://bufs.younghawk.org/index]


Processing BufsInfoDocController#log_in (for 66.92.144.112 at 2010-10-15 18:21:53) [POST]
  Parameters: {"authenticity_token"=>"VI4JDelYm6RNo3Cqr3UdYRvOQEnaeyz3GT+UEoEPE7w=", "db_name"=>"live_data", "user_id"=>"patentmgr", "commit"=>"Submit"}
Redirected to http://bufs.younghawk.org:3000/bufs_vis/bufs_graph.html
Completed in 345ms | 302 Found [http://bufs.younghawk.org/bufs_info_doc/log_in]


Processing BufsInfoDocController#index_nodes (for 66.92.144.112 at 2010-10-15 18:21:55) [GET]
  Parameters: {"uniqIterator"=>"0"}
Completed in 54ms (View: 3 | 200 OK [http://bufs.younghawk.org/bufs_info_doc/index_nodes?uniqIterator=0]


Processing BufsInfoDocController#a_t (for 66.92.144.112 at 2010-10-15 18:21:55) [GET]
Rendering bufs_info_doc/a_t
Completed in 27ms (View: 26 | 200 OK [http://bufs.younghawk.org/bufs_info_doc/a_t]


Processing BufsInfoDocController#export_to_file (for 66.92.144.112 at 2010-10-15 18:21:58) [GET]

NoMethodError (You have a nil object when you didn't expect it!
You might have expected an instance of Array.
The error occurred while evaluating nil.each):
  /media-ec2/ec2a/projects/bufs/lib/bufs_base_node.rb:348:in `__create_from_other_node'
  app/controllers/bufs_info_doc_controller.rb:326:in `block in export_to_file'
  app/controllers/bufs_info_doc_controller.rb:324:in `each'
  app/controllers/bufs_info_doc_controller.rb:324:in `export_to_file'
  <internal:prelude>:8:in `synchronize'
  /usr/local/lib/ruby/1.9.1/webrick/httpserver.rb:111:in `service'
  /usr/local/lib/ruby/1.9.1/webrick/httpserver.rb:70:in `run'
  /usr/local/lib/ruby/1.9.1/webrick/server.rb:183:in `block in start_thread'

Rendered rescues/_trace (92.8ms)
Rendered rescues/_request_and_response (0.3ms)
Rendering rescues/layout (internal_server_error)


Processing BufsInfoDocController#index_nodes (for 66.92.144.112 at 2010-10-15 18:24:33) [GET]
  Parameters: {"uniqIterator"=>"0"}
Completed in 421ms (View: 4 | 200 OK [http://bufs.younghawk.org/bufs_info_doc/index_nodes?uniqIterator=0]


Processing BufsInfoDocController#a_t (for 66.92.144.112 at 2010-10-15 18:24:33) [GET]
Rendering bufs_info_doc/a_t
Completed in 57ms (View: 56 | 200 OK [http://bufs.younghawk.org/bufs_info_doc/a_t]


Processing BufsInfoDocController#export_to_file (for 66.92.144.112 at 2010-10-15 18:24:37) [GET]

NameError (undefined local variable or method `attached_files' for BufsNodeFactory::FileSyspatentmgr:Class):
  /media-ec2/ec2a/projects/bufs/lib/bufs_base_node.rb:348:in `__create_from_other_node'
  app/controllers/bufs_info_doc_controller.rb:326:in `block in export_to_file'
  app/controllers/bufs_info_doc_controller.rb:324:in `each'
  app/controllers/bufs_info_doc_controller.rb:324:in `export_to_file'
  <internal:prelude>:8:in `synchronize'
  /usr/local/lib/ruby/1.9.1/webrick/httpserver.rb:111:in `service'
  /usr/local/lib/ruby/1.9.1/webrick/httpserver.rb:70:in `run'
  /usr/local/lib/ruby/1.9.1/webrick/server.rb:183:in `block in start_thread'

Rendered rescues/_trace (79.0ms)
Rendered rescues/_request_and_response (1.0ms)
Rendering rescues/layout (internal_server_error)


Processing BufsInfoDocController#index_nodes (for 66.92.144.112 at 2010-10-15 18:28:53) [GET]
  Parameters: {"uniqIterator"=>"0"}
Completed in 404ms (View: 55 | 200 OK [http://bufs.younghawk.org/bufs_info_doc/index_nodes?uniqIterator=0]


Processing BufsInfoDocController#a_t (for 66.92.144.112 at 2010-10-15 18:28:53) [GET]
Rendering bufs_info_doc/a_t
Completed in 7ms (View: 6 | 200 OK [http://bufs.younghawk.org/bufs_info_doc/a_t]


Processing BufsInfoDocController#export_to_file (for 66.92.144.112 at 2010-10-15 18:29:00) [GET]
Completed in 572ms (View: 1 | 200 OK [http://bufs.younghawk.org/bufs_info_doc/export_to_file]


Processing BufsInfoDocController#index_nodes (for 66.92.144.112 at 2010-10-15 18:33:23) [GET]
  Parameters: {"uniqIterator"=>"0"}
Completed in 413ms (View: 46 | 200 OK [http://bufs.younghawk.org/bufs_info_doc/index_nodes?uniqIterator=0]


Processing BufsInfoDocController#a_t (for 66.92.144.112 at 2010-10-15 18:33:23) [GET]
Rendering bufs_info_doc/a_t
Completed in 20ms (View: 6 | 200 OK [http://bufs.younghawk.org/bufs_info_doc/a_t]


Processing BufsInfoDocController#export_to_file (for 66.92.144.112 at 2010-10-15 18:33:26) [GET]
Completed in 583ms (View: 0 | 200 OK [http://bufs.younghawk.org/bufs_info_doc/export_to_file]


Processing BufsInfoDocController#index_nodes (for 66.92.144.112 at 2010-10-15 18:34:16) [GET]
  Parameters: {"uniqIterator"=>"0"}
Completed in 105ms (View: 43 | 200 OK [http://bufs.younghawk.org/bufs_info_doc/index_nodes?uniqIterator=0]


Processing BufsInfoDocController#a_t (for 66.92.144.112 at 2010-10-15 18:34:16) [GET]
Rendering bufs_info_doc/a_t
Completed in 2ms (View: 1 | 200 OK [http://bufs.younghawk.org/bufs_info_doc/a_t]


Processing BufsInfoDocController#export_to_file (for 66.92.144.112 at 2010-10-15 18:34:18) [GET]
Redirected to http://bufsuser.younghawk.org/patentmgr
Completed in 528ms | 302 Found [http://bufs.younghawk.org/bufs_info_doc/export_to_file]
