

Processing BufsInfoDocController#test_json_str (for 66.92.144.112 at 2010-05-20 22:13:58) [GET]
  Parameters: {"user"=>"test"}
Completed in 45ms (View: 1 | 200 OK [http://bufs.younghawk.org/bufs_info_doc/test_json_str?user=test]


Processing BufsInfoDocController#parent_cats (for 66.92.144.112 at 2010-05-20 22:14:02) [GET]
  Parameters: {"node_cat"=>"web_test2"}
Completed in 106ms (View: 0 | 200 OK [http://bufs.younghawk.org/bufs_info_doc/parent_cats?node_cat=web_test2]


Processing BufsInfoDocController#list_attachments (for 66.92.144.112 at 2010-05-20 22:14:02) [POST]
  Parameters: {"node_cat"=>"web_test2"}
Rendering bufs_info_doc/list_attachments
Completed in 67ms (View: 1 | 200 OK [http://bufs.younghawk.org/bufs_info_doc/list_attachments]


Processing BufsInfoDocController#test_json_str (for 66.92.144.112 at 2010-05-21 12:47:31) [GET]
  Parameters: {"user"=>"test"}
Completed in 428ms (View: 1 | 200 OK [http://bufs.younghawk.org/bufs_info_doc/test_json_str?user=test]


Processing BufsInfoDocController#parent_cats (for 66.92.144.112 at 2010-05-21 12:47:37) [GET]
  Parameters: {"node_cat"=>"web_test1"}
Completed in 43ms (View: 0 | 200 OK [http://bufs.younghawk.org/bufs_info_doc/parent_cats?node_cat=web_test1]


Processing BufsInfoDocController#list_attachments (for 66.92.144.112 at 2010-05-21 12:47:38) [POST]
  Parameters: {"node_cat"=>"web_test1"}
Rendering bufs_info_doc/list_attachments
Completed in 88ms (View: 1 | 200 OK [http://bufs.younghawk.org/bufs_info_doc/list_attachments]


Processing BufsInfoDocController#parent_cats (for 66.92.144.112 at 2010-05-21 12:48:09) [GET]
  Parameters: {"node_cat"=>"multi2"}
Completed in 42ms (View: 0 | 200 OK [http://bufs.younghawk.org/bufs_info_doc/parent_cats?node_cat=multi2]


Processing BufsInfoDocController#list_attachments (for 66.92.144.112 at 2010-05-21 12:48:09) [POST]
  Parameters: {"node_cat"=>"multi2"}
Rendering bufs_info_doc/list_attachments
Completed in 114ms (View: 1 | 200 OK [http://bufs.younghawk.org/bufs_info_doc/list_attachments]


Processing BufsInfoDocController#parent_cats (for 66.92.144.112 at 2010-05-21 12:48:16) [GET]
  Parameters: {"node_cat"=>"web_test4"}
Completed in 27ms (View: 0 | 200 OK [http://bufs.younghawk.org/bufs_info_doc/parent_cats?node_cat=web_test4]


Processing BufsInfoDocController#list_attachments (for 66.92.144.112 at 2010-05-21 12:48:16) [POST]
  Parameters: {"node_cat"=>"web_test4"}
Rendering bufs_info_doc/list_attachments
Completed in 29ms (View: 0 | 200 OK [http://bufs.younghawk.org/bufs_info_doc/list_attachments]


Processing BufsInfoDocController#parent_cats (for 66.92.144.112 at 2010-05-21 12:48:20) [GET]
  Parameters: {"node_cat"=>"web_test2"}
Completed in 103ms (View: 0 | 200 OK [http://bufs.younghawk.org/bufs_info_doc/parent_cats?node_cat=web_test2]


Processing BufsInfoDocController#list_attachments (for 66.92.144.112 at 2010-05-21 12:48:20) [POST]
  Parameters: {"node_cat"=>"web_test2"}
Rendering bufs_info_doc/list_attachments
Completed in 106ms (View: 1 | 200 OK [http://bufs.younghawk.org/bufs_info_doc/list_attachments]


Processing BufsInfoDocController#parent_cats (for 66.92.144.112 at 2010-05-21 12:48:23) [GET]
  Parameters: {"node_cat"=>"web_test1"}
Completed in 93ms (View: 0 | 200 OK [http://bufs.younghawk.org/bufs_info_doc/parent_cats?node_cat=web_test1]


Processing BufsInfoDocController#list_attachments (for 66.92.144.112 at 2010-05-21 12:48:23) [POST]
  Parameters: {"node_cat"=>"web_test1"}
Rendering bufs_info_doc/list_attachments
Completed in 126ms (View: 0 | 200 OK [http://bufs.younghawk.org/bufs_info_doc/list_attachments]


Processing BufsInfoDocController#parent_cats (for 66.92.144.112 at 2010-05-21 12:48:27) [GET]
  Parameters: {"node_cat"=>"test_user002"}

NoMethodError (undefined method `parent_categories' for nil:NilClass):
  app/controllers/bufs_info_doc_controller.rb:122:in `parent_cats'
  <internal:prelude>:8:in `synchronize'
  passenger (2.2.11) lib/phusion_passenger/rack/request_handler.rb:92:in `process_request'
  passenger (2.2.11) lib/phusion_passenger/abstract_request_handler.rb:207:in `main_loop'
  passenger (2.2.11) lib/phusion_passenger/railz/application_spawner.rb:418:in `start_request_handler'
  passenger (2.2.11) lib/phusion_passenger/railz/application_spawner.rb:358:in `block in handle_spawn_application'
  passenger (2.2.11) lib/phusion_passenger/utils.rb:184:in `safe_fork'
  passenger (2.2.11) lib/phusion_passenger/railz/application_spawner.rb:354:in `handle_spawn_application'
  passenger (2.2.11) lib/phusion_passenger/abstract_server.rb:352:in `main_loop'
  passenger (2.2.11) lib/phusion_passenger/abstract_server.rb:196:in `start_synchronously'
  passenger (2.2.11) lib/phusion_passenger/abstract_server.rb:163:in `start'
  passenger (2.2.11) lib/phusion_passenger/railz/application_spawner.rb:213:in `start'
  passenger (2.2.11) lib/phusion_passenger/spawn_manager.rb:262:in `block (2 levels) in spawn_rails_application'
  passenger (2.2.11) lib/phusion_passenger/abstract_server_collection.rb:126:in `lookup_or_add'
  passenger (2.2.11) lib/phusion_passenger/spawn_manager.rb:256:in `block in spawn_rails_application'
  passenger (2.2.11) lib/phusion_passenger/abstract_server_collection.rb:80:in `block in synchronize'
  <internal:prelude>:8:in `synchronize'
  passenger (2.2.11) lib/phusion_passenger/abstract_server_collection.rb:79:in `synchronize'
  passenger (2.2.11) lib/phusion_passenger/spawn_manager.rb:255:in `spawn_rails_application'
  passenger (2.2.11) lib/phusion_passenger/spawn_manager.rb:154:in `spawn_application'
  passenger (2.2.11) lib/phusion_passenger/spawn_manager.rb:287:in `handle_spawn_application'
  passenger (2.2.11) lib/phusion_passenger/abstract_server.rb:352:in `main_loop'
  passenger (2.2.11) lib/phusion_passenger/abstract_server.rb:196:in `start_synchronously'

Rendering /media-ec2/ec2a/projects/bufs/bufs_rails/public/500.html (500 Internal Server Error)


Processing BufsInfoDocController#list_attachments (for 66.92.144.112 at 2010-05-21 12:48:27) [POST]
  Parameters: {"node_cat"=>"test_user002"}

NoMethodError (undefined method `get_attachment_names' for nil:NilClass):
  app/controllers/bufs_info_doc_controller.rb:75:in `list_attachments'
  <internal:prelude>:8:in `synchronize'
  passenger (2.2.11) lib/phusion_passenger/rack/request_handler.rb:92:in `process_request'
  passenger (2.2.11) lib/phusion_passenger/abstract_request_handler.rb:207:in `main_loop'
  passenger (2.2.11) lib/phusion_passenger/railz/application_spawner.rb:418:in `start_request_handler'
  passenger (2.2.11) lib/phusion_passenger/railz/application_spawner.rb:358:in `block in handle_spawn_application'
  passenger (2.2.11) lib/phusion_passenger/utils.rb:184:in `safe_fork'
  passenger (2.2.11) lib/phusion_passenger/railz/application_spawner.rb:354:in `handle_spawn_application'
  passenger (2.2.11) lib/phusion_passenger/abstract_server.rb:352:in `main_loop'
  passenger (2.2.11) lib/phusion_passenger/abstract_server.rb:196:in `start_synchronously'
  passenger (2.2.11) lib/phusion_passenger/abstract_server.rb:163:in `start'
  passenger (2.2.11) lib/phusion_passenger/railz/application_spawner.rb:213:in `start'
  passenger (2.2.11) lib/phusion_passenger/spawn_manager.rb:262:in `block (2 levels) in spawn_rails_application'
  passenger (2.2.11) lib/phusion_passenger/abstract_server_collection.rb:126:in `lookup_or_add'
  passenger (2.2.11) lib/phusion_passenger/spawn_manager.rb:256:in `block in spawn_rails_application'
  passenger (2.2.11) lib/phusion_passenger/abstract_server_collection.rb:80:in `block in synchronize'
  <internal:prelude>:8:in `synchronize'
  passenger (2.2.11) lib/phusion_passenger/abstract_server_collection.rb:79:in `synchronize'
  passenger (2.2.11) lib/phusion_passenger/spawn_manager.rb:255:in `spawn_rails_application'
  passenger (2.2.11) lib/phusion_passenger/spawn_manager.rb:154:in `spawn_application'
  passenger (2.2.11) lib/phusion_passenger/spawn_manager.rb:287:in `handle_spawn_application'
  passenger (2.2.11) lib/phusion_passenger/abstract_server.rb:352:in `main_loop'
  passenger (2.2.11) lib/phusion_passenger/abstract_server.rb:196:in `start_synchronously'

Rendering /media-ec2/ec2a/projects/bufs/bufs_rails/public/500.html (500 Internal Server Error)


Processing BufsInfoDocController#parent_cats (for 66.92.144.112 at 2010-05-21 12:48:31) [GET]
  Parameters: {"node_cat"=>"web_test4"}
Completed in 100ms (View: 0 | 200 OK [http://bufs.younghawk.org/bufs_info_doc/parent_cats?node_cat=web_test4]


Processing BufsInfoDocController#list_attachments (for 66.92.144.112 at 2010-05-21 12:48:31) [POST]
  Parameters: {"node_cat"=>"web_test4"}
Rendering bufs_info_doc/list_attachments
Completed in 74ms (View: 1 | 200 OK [http://bufs.younghawk.org/bufs_info_doc/list_attachments]


Processing BufsInfoDocController#parent_cats (for 66.92.144.112 at 2010-05-21 12:48:35) [GET]
  Parameters: {"node_cat"=>"dummy3"}
Completed in 50ms (View: 0 | 200 OK [http://bufs.younghawk.org/bufs_info_doc/parent_cats?node_cat=dummy3]


Processing BufsInfoDocController#list_attachments (for 66.92.144.112 at 2010-05-21 12:48:35) [POST]
  Parameters: {"node_cat"=>"dummy3"}
Rendering bufs_info_doc/list_attachments
Completed in 157ms (View: 1 | 200 OK [http://bufs.younghawk.org/bufs_info_doc/list_attachments]


Processing BufsInfoDocController#parent_cats (for 66.92.144.112 at 2010-05-21 12:48:43) [GET]
  Parameters: {"node_cat"=>"web_test4"}
Completed in 49ms (View: 0 | 200 OK [http://bufs.younghawk.org/bufs_info_doc/parent_cats?node_cat=web_test4]


Processing BufsInfoDocController#list_attachments (for 66.92.144.112 at 2010-05-21 12:48:43) [POST]
  Parameters: {"node_cat"=>"web_test4"}
Rendering bufs_info_doc/list_attachments
Completed in 193ms (View: 1 | 200 OK [http://bufs.younghawk.org/bufs_info_doc/list_attachments]


Processing BufsInfoDocController#att_test (for 66.92.144.112 at 2010-05-21 12:49:05) [POST]
  Parameters: {"node_cat"=>"web_test4", "related_tags"=>"test_user002", "add_attachment"=>#<File:/tmp/RackMultipart20100521-4406-aql1iz-0>}
Rendering bufs_info_doc/att_test
Completed in 223ms (View: 1 | 200 OK [http://bufs.younghawk.org/bufs_info_doc/att_test]


Processing BufsInfoDocController#parent_cats (for 66.92.144.112 at 2010-05-21 12:49:09) [GET]
  Parameters: {"node_cat"=>"dummy3"}
Completed in 31ms (View: 0 | 200 OK [http://bufs.younghawk.org/bufs_info_doc/parent_cats?node_cat=dummy3]


Processing BufsInfoDocController#list_attachments (for 66.92.144.112 at 2010-05-21 12:49:09) [POST]
  Parameters: {"node_cat"=>"dummy3"}
Rendering bufs_info_doc/list_attachments
Completed in 114ms (View: 1 | 200 OK [http://bufs.younghawk.org/bufs_info_doc/list_attachments]


Processing BufsInfoDocController#list_attachments (for 66.92.144.112 at 2010-05-21 12:49:13) [POST]
  Parameters: {"node_cat"=>"web_test4"}
Rendering bufs_info_doc/list_attachments
Completed in 99ms (View: 0 | 200 OK [http://bufs.younghawk.org/bufs_info_doc/list_attachments]


Processing BufsInfoDocController#parent_cats (for 66.92.144.112 at 2010-05-21 12:49:13) [GET]
  Parameters: {"node_cat"=>"web_test4"}
Completed in 146ms (View: 0 | 200 OK [http://bufs.younghawk.org/bufs_info_doc/parent_cats?node_cat=web_test4]


Processing BufsInfoDocController#list_attachments (for 66.92.144.112 at 2010-05-21 12:49:20) [POST]
  Parameters: {"node_cat"=>"web_test4"}

RestClient::RequestFailed (HTTP status code 409):
  /usr/local/lib/ruby/gems/1.9.1/gems/rest-client-1.2.0/lib/restclient/request.rb:225:in `process_result'
  /usr/local/lib/ruby/gems/1.9.1/gems/rest-client-1.2.0/lib/restclient/request.rb:155:in `block in transmit'
  /usr/local/lib/ruby/1.9.1/net/http.rb:564:in `start'
  /usr/local/lib/ruby/gems/1.9.1/gems/rest-client-1.2.0/lib/restclient/request.rb:153:in `transmit'
  /usr/local/lib/ruby/gems/1.9.1/gems/rest-client-1.2.0/lib/restclient/request.rb:62:in `execute_inner'
  /usr/local/lib/ruby/gems/1.9.1/gems/rest-client-1.2.0/lib/restclient/request.rb:52:in `execute'
  /usr/local/lib/ruby/gems/1.9.1/gems/rest-client-1.2.0/lib/restclient/request.rb:29:in `execute'
  /usr/local/lib/ruby/gems/1.9.1/gems/rest-client-1.2.0/lib/restclient.rb:76:in `put'
  couchrest (0.35) lib/couchrest/core/adapters/restclient.rb:21:in `put'
  couchrest (0.35) lib/couchrest/core/rest_api.rb:6:in `put'
  couchrest (0.35) lib/couchrest/core/database.rb:169:in `save_doc'
  couchrest (0.35) lib/couchrest/mixins/design_doc.rb:90:in `update_design_doc'
  couchrest (0.35) lib/couchrest/mixins/design_doc.rb:66:in `save_design_doc_on'
  couchrest (0.35) lib/couchrest/mixins/design_doc.rb:53:in `refresh_design_doc_on'
  couchrest (0.35) lib/couchrest/mixins/views.rb:100:in `view'
  couchrest (0.35) lib/couchrest/more/extended_document.rb:123:in `method_missing'
  app/controllers/bufs_info_doc_controller.rb:72:in `list_attachments'
  <internal:prelude>:8:in `synchronize'
  passenger (2.2.11) lib/phusion_passenger/rack/request_handler.rb:92:in `process_request'
  passenger (2.2.11) lib/phusion_passenger/abstract_request_handler.rb:207:in `main_loop'
  passenger (2.2.11) lib/phusion_passenger/railz/application_spawner.rb:418:in `start_request_handler'
  passenger (2.2.11) lib/phusion_passenger/railz/application_spawner.rb:358:in `block in handle_spawn_application'
  passenger (2.2.11) lib/phusion_passenger/utils.rb:184:in `safe_fork'
  passenger (2.2.11) lib/phusion_passenger/railz/application_spawner.rb:354:in `handle_spawn_application'
  passenger (2.2.11) lib/phusion_passenger/abstract_server.rb:352:in `main_loop'
  passenger (2.2.11) lib/phusion_passenger/abstract_server.rb:196:in `start_synchronously'
  passenger (2.2.11) lib/phusion_passenger/abstract_server.rb:163:in `start'
  passenger (2.2.11) lib/phusion_passenger/railz/application_spawner.rb:213:in `start'
  passenger (2.2.11) lib/phusion_passenger/spawn_manager.rb:262:in `block (2 levels) in spawn_rails_application'
  passenger (2.2.11) lib/phusion_passenger/abstract_server_collection.rb:126:in `lookup_or_add'
  passenger (2.2.11) lib/phusion_passenger/spawn_manager.rb:256:in `block in spawn_rails_application'
  passenger (2.2.11) lib/phusion_passenger/abstract_server_collection.rb:80:in `block in synchronize'
  <internal:prelude>:8:in `synchronize'
  passenger (2.2.11) lib/phusion_passenger/abstract_server_collection.rb:79:in `synchronize'
  passenger (2.2.11) lib/phusion_passenger/spawn_manager.rb:255:in `spawn_rails_application'
  passenger (2.2.11) lib/phusion_passenger/spawn_manager.rb:154:in `spawn_application'
  passenger (2.2.11) lib/phusion_passenger/spawn_manager.rb:287:in `handle_spawn_application'
  passenger (2.2.11) lib/phusion_passenger/abstract_server.rb:352:in `main_loop'
  passenger (2.2.11) lib/phusion_passenger/abstract_server.rb:196:in `start_synchronously'

Rendering /media-ec2/ec2a/projects/bufs/bufs_rails/public/500.html (500 Internal Server Error)


Processing BufsInfoDocController#remove_attachment (for 66.92.144.112 at 2010-05-21 12:49:20) [POST]
  Parameters: {"node_cat"=>"web_test4"}
Completed in 302ms (View: 0 | 200 OK [http://bufs.younghawk.org/bufs_info_doc/remove_attachment]


Processing BufsInfoDocController#parent_cats (for 66.92.144.112 at 2010-05-21 12:49:24) [GET]
  Parameters: {"node_cat"=>"dummy3"}
Completed in 76ms (View: 0 | 200 OK [http://bufs.younghawk.org/bufs_info_doc/parent_cats?node_cat=dummy3]


Processing BufsInfoDocController#list_attachments (for 66.92.144.112 at 2010-05-21 12:49:24) [POST]
  Parameters: {"node_cat"=>"dummy3"}
Rendering bufs_info_doc/list_attachments
Completed in 75ms (View: 1 | 200 OK [http://bufs.younghawk.org/bufs_info_doc/list_attachments]


Processing BufsInfoDocController#parent_cats (for 66.92.144.112 at 2010-05-21 12:49:28) [GET]
  Parameters: {"node_cat"=>"web_test4"}
Completed in 46ms (View: 0 | 200 OK [http://bufs.younghawk.org/bufs_info_doc/parent_cats?node_cat=web_test4]


Processing BufsInfoDocController#list_attachments (for 66.92.144.112 at 2010-05-21 12:49:28) [POST]
  Parameters: {"node_cat"=>"web_test4"}
Rendering bufs_info_doc/list_attachments
Completed in 139ms (View: 1 | 200 OK [http://bufs.younghawk.org/bufs_info_doc/list_attachments]


Processing BufsInfoDocController#parent_cats (for 66.92.144.112 at 2010-05-21 12:59:28) [GET]
  Parameters: {"node_cat"=>"dummy3"}

RestClient::RequestFailed (HTTP status code 409):
  /usr/local/lib/ruby/gems/1.9.1/gems/rest-client-1.2.0/lib/restclient/request.rb:225:in `process_result'
  /usr/local/lib/ruby/gems/1.9.1/gems/rest-client-1.2.0/lib/restclient/request.rb:155:in `block in transmit'
  /usr/local/lib/ruby/1.9.1/net/http.rb:564:in `start'
  /usr/local/lib/ruby/gems/1.9.1/gems/rest-client-1.2.0/lib/restclient/request.rb:153:in `transmit'
  /usr/local/lib/ruby/gems/1.9.1/gems/rest-client-1.2.0/lib/restclient/request.rb:62:in `execute_inner'
  /usr/local/lib/ruby/gems/1.9.1/gems/rest-client-1.2.0/lib/restclient/request.rb:52:in `execute'
  /usr/local/lib/ruby/gems/1.9.1/gems/rest-client-1.2.0/lib/restclient/request.rb:29:in `execute'
  /usr/local/lib/ruby/gems/1.9.1/gems/rest-client-1.2.0/lib/restclient.rb:76:in `put'
  couchrest (0.35) lib/couchrest/core/adapters/restclient.rb:21:in `put'
  couchrest (0.35) lib/couchrest/core/rest_api.rb:6:in `put'
  couchrest (0.35) lib/couchrest/core/database.rb:169:in `save_doc'
  couchrest (0.35) lib/couchrest/mixins/design_doc.rb:90:in `update_design_doc'
  couchrest (0.35) lib/couchrest/mixins/design_doc.rb:66:in `save_design_doc_on'
  couchrest (0.35) lib/couchrest/mixins/design_doc.rb:53:in `refresh_design_doc_on'
  couchrest (0.35) lib/couchrest/mixins/views.rb:100:in `view'
  couchrest (0.35) lib/couchrest/more/extended_document.rb:123:in `method_missing'
  app/controllers/bufs_info_doc_controller.rb:120:in `parent_cats'
  <internal:prelude>:8:in `synchronize'
  passenger (2.2.11) lib/phusion_passenger/rack/request_handler.rb:92:in `process_request'
  passenger (2.2.11) lib/phusion_passenger/abstract_request_handler.rb:207:in `main_loop'
  passenger (2.2.11) lib/phusion_passenger/railz/application_spawner.rb:418:in `start_request_handler'
  passenger (2.2.11) lib/phusion_passenger/railz/application_spawner.rb:358:in `block in handle_spawn_application'
  passenger (2.2.11) lib/phusion_passenger/utils.rb:184:in `safe_fork'
  passenger (2.2.11) lib/phusion_passenger/railz/application_spawner.rb:354:in `handle_spawn_application'
  passenger (2.2.11) lib/phusion_passenger/abstract_server.rb:352:in `main_loop'
  passenger (2.2.11) lib/phusion_passenger/abstract_server.rb:196:in `start_synchronously'
  passenger (2.2.11) lib/phusion_passenger/abstract_server.rb:163:in `start'
  passenger (2.2.11) lib/phusion_passenger/railz/application_spawner.rb:213:in `start'
  passenger (2.2.11) lib/phusion_passenger/spawn_manager.rb:262:in `block (2 levels) in spawn_rails_application'
  passenger (2.2.11) lib/phusion_passenger/abstract_server_collection.rb:126:in `lookup_or_add'
  passenger (2.2.11) lib/phusion_passenger/spawn_manager.rb:256:in `block in spawn_rails_application'
  passenger (2.2.11) lib/phusion_passenger/abstract_server_collection.rb:80:in `block in synchronize'
  <internal:prelude>:8:in `synchronize'
  passenger (2.2.11) lib/phusion_passenger/abstract_server_collection.rb:79:in `synchronize'
  passenger (2.2.11) lib/phusion_passenger/spawn_manager.rb:255:in `spawn_rails_application'
  passenger (2.2.11) lib/phusion_passenger/spawn_manager.rb:154:in `spawn_application'
  passenger (2.2.11) lib/phusion_passenger/spawn_manager.rb:287:in `handle_spawn_application'
  passenger (2.2.11) lib/phusion_passenger/abstract_server.rb:352:in `main_loop'
  passenger (2.2.11) lib/phusion_passenger/abstract_server.rb:196:in `start_synchronously'

Rendering /media-ec2/ec2a/projects/bufs/bufs_rails/public/500.html (500 Internal Server Error)


Processing BufsInfoDocController#list_attachments (for 66.92.144.112 at 2010-05-21 12:59:28) [POST]
  Parameters: {"node_cat"=>"dummy3"}
Rendering bufs_info_doc/list_attachments
Completed in 188ms (View: 1 | 200 OK [http://bufs.younghawk.org/bufs_info_doc/list_attachments]


Processing BufsInfoDocController#parent_cats (for 66.92.144.112 at 2010-05-21 12:59:36) [GET]
  Parameters: {"node_cat"=>"web_test2"}
Completed in 28ms (View: 0 | 200 OK [http://bufs.younghawk.org/bufs_info_doc/parent_cats?node_cat=web_test2]


Processing BufsInfoDocController#list_attachments (for 66.92.144.112 at 2010-05-21 12:59:37) [POST]
  Parameters: {"node_cat"=>"web_test2"}
Rendering bufs_info_doc/list_attachments
Completed in 30ms (View: 0 | 200 OK [http://bufs.younghawk.org/bufs_info_doc/list_attachments]


Processing BufsInfoDocController#list_attachments (for 66.92.144.112 at 2010-05-21 12:59:41) [POST]
  Parameters: {"node_cat"=>"dummy3"}
Rendering bufs_info_doc/list_attachments
Completed in 130ms (View: 1 | 200 OK [http://bufs.younghawk.org/bufs_info_doc/list_attachments]


Processing BufsInfoDocController#parent_cats (for 66.92.144.112 at 2010-05-21 12:59:41) [GET]
  Parameters: {"node_cat"=>"dummy3"}

RestClient::RequestFailed (HTTP status code 409):
  /usr/local/lib/ruby/gems/1.9.1/gems/rest-client-1.2.0/lib/restclient/request.rb:225:in `process_result'
  /usr/local/lib/ruby/gems/1.9.1/gems/rest-client-1.2.0/lib/restclient/request.rb:155:in `block in transmit'
  /usr/local/lib/ruby/1.9.1/net/http.rb:564:in `start'
  /usr/local/lib/ruby/gems/1.9.1/gems/rest-client-1.2.0/lib/restclient/request.rb:153:in `transmit'
  /usr/local/lib/ruby/gems/1.9.1/gems/rest-client-1.2.0/lib/restclient/request.rb:62:in `execute_inner'
  /usr/local/lib/ruby/gems/1.9.1/gems/rest-client-1.2.0/lib/restclient/request.rb:52:in `execute'
  /usr/local/lib/ruby/gems/1.9.1/gems/rest-client-1.2.0/lib/restclient/request.rb:29:in `execute'
  /usr/local/lib/ruby/gems/1.9.1/gems/rest-client-1.2.0/lib/restclient.rb:76:in `put'
  couchrest (0.35) lib/couchrest/core/adapters/restclient.rb:21:in `put'
  couchrest (0.35) lib/couchrest/core/rest_api.rb:6:in `put'
  couchrest (0.35) lib/couchrest/core/database.rb:169:in `save_doc'
  couchrest (0.35) lib/couchrest/mixins/design_doc.rb:90:in `update_design_doc'
  couchrest (0.35) lib/couchrest/mixins/design_doc.rb:66:in `save_design_doc_on'
  couchrest (0.35) lib/couchrest/mixins/design_doc.rb:53:in `refresh_design_doc_on'
  couchrest (0.35) lib/couchrest/mixins/views.rb:100:in `view'
  couchrest (0.35) lib/couchrest/more/extended_document.rb:123:in `method_missing'
  app/controllers/bufs_info_doc_controller.rb:120:in `parent_cats'
  <internal:prelude>:8:in `synchronize'
  passenger (2.2.11) lib/phusion_passenger/rack/request_handler.rb:92:in `process_request'
  passenger (2.2.11) lib/phusion_passenger/abstract_request_handler.rb:207:in `main_loop'
  passenger (2.2.11) lib/phusion_passenger/railz/application_spawner.rb:418:in `start_request_handler'
  passenger (2.2.11) lib/phusion_passenger/railz/application_spawner.rb:358:in `block in handle_spawn_application'
  passenger (2.2.11) lib/phusion_passenger/utils.rb:184:in `safe_fork'
  passenger (2.2.11) lib/phusion_passenger/railz/application_spawner.rb:354:in `handle_spawn_application'
  passenger (2.2.11) lib/phusion_passenger/abstract_server.rb:352:in `main_loop'
  passenger (2.2.11) lib/phusion_passenger/abstract_server.rb:196:in `start_synchronously'
  passenger (2.2.11) lib/phusion_passenger/abstract_server.rb:163:in `start'
  passenger (2.2.11) lib/phusion_passenger/railz/application_spawner.rb:213:in `start'
  passenger (2.2.11) lib/phusion_passenger/spawn_manager.rb:262:in `block (2 levels) in spawn_rails_application'
  passenger (2.2.11) lib/phusion_passenger/abstract_server_collection.rb:126:in `lookup_or_add'
  passenger (2.2.11) lib/phusion_passenger/spawn_manager.rb:256:in `block in spawn_rails_application'
  passenger (2.2.11) lib/phusion_passenger/abstract_server_collection.rb:80:in `block in synchronize'
  <internal:prelude>:8:in `synchronize'
  passenger (2.2.11) lib/phusion_passenger/abstract_server_collection.rb:79:in `synchronize'
  passenger (2.2.11) lib/phusion_passenger/spawn_manager.rb:255:in `spawn_rails_application'
  passenger (2.2.11) lib/phusion_passenger/spawn_manager.rb:154:in `spawn_application'
  passenger (2.2.11) lib/phusion_passenger/spawn_manager.rb:287:in `handle_spawn_application'
  passenger (2.2.11) lib/phusion_passenger/abstract_server.rb:352:in `main_loop'
  passenger (2.2.11) lib/phusion_passenger/abstract_server.rb:196:in `start_synchronously'

Rendering /media-ec2/ec2a/projects/bufs/bufs_rails/public/500.html (500 Internal Server Error)


Processing BufsInfoDocController#parent_cats (for 66.92.144.112 at 2010-05-21 12:59:56) [GET]
  Parameters: {"node_cat"=>"web_test2"}
Completed in 31ms (View: 0 | 200 OK [http://bufs.younghawk.org/bufs_info_doc/parent_cats?node_cat=web_test2]


Processing BufsInfoDocController#list_attachments (for 66.92.144.112 at 2010-05-21 12:59:56) [POST]
  Parameters: {"node_cat"=>"web_test2"}
Rendering bufs_info_doc/list_attachments
Completed in 163ms (View: 1 | 200 OK [http://bufs.younghawk.org/bufs_info_doc/list_attachments]


Processing BufsInfoDocController#list_attachments (for 66.92.144.112 at 2010-05-21 13:00:05) [POST]
  Parameters: {"node_cat"=>"dummy3"}
Rendering bufs_info_doc/list_attachments
Completed in 122ms (View: 1 | 200 OK [http://bufs.younghawk.org/bufs_info_doc/list_attachments]


Processing BufsInfoDocController#parent_cats (for 66.92.144.112 at 2010-05-21 13:00:05) [GET]
  Parameters: {"node_cat"=>"dummy3"}

RestClient::RequestFailed (HTTP status code 409):
  /usr/local/lib/ruby/gems/1.9.1/gems/rest-client-1.2.0/lib/restclient/request.rb:225:in `process_result'
  /usr/local/lib/ruby/gems/1.9.1/gems/rest-client-1.2.0/lib/restclient/request.rb:155:in `block in transmit'
  /usr/local/lib/ruby/1.9.1/net/http.rb:564:in `start'
  /usr/local/lib/ruby/gems/1.9.1/gems/rest-client-1.2.0/lib/restclient/request.rb:153:in `transmit'
  /usr/local/lib/ruby/gems/1.9.1/gems/rest-client-1.2.0/lib/restclient/request.rb:62:in `execute_inner'
  /usr/local/lib/ruby/gems/1.9.1/gems/rest-client-1.2.0/lib/restclient/request.rb:52:in `execute'
  /usr/local/lib/ruby/gems/1.9.1/gems/rest-client-1.2.0/lib/restclient/request.rb:29:in `execute'
  /usr/local/lib/ruby/gems/1.9.1/gems/rest-client-1.2.0/lib/restclient.rb:76:in `put'
  couchrest (0.35) lib/couchrest/core/adapters/restclient.rb:21:in `put'
  couchrest (0.35) lib/couchrest/core/rest_api.rb:6:in `put'
  couchrest (0.35) lib/couchrest/core/database.rb:169:in `save_doc'
  couchrest (0.35) lib/couchrest/mixins/design_doc.rb:90:in `update_design_doc'
  couchrest (0.35) lib/couchrest/mixins/design_doc.rb:66:in `save_design_doc_on'
  couchrest (0.35) lib/couchrest/mixins/design_doc.rb:53:in `refresh_design_doc_on'
  couchrest (0.35) lib/couchrest/mixins/views.rb:100:in `view'
  couchrest (0.35) lib/couchrest/more/extended_document.rb:123:in `method_missing'
  app/controllers/bufs_info_doc_controller.rb:120:in `parent_cats'
  <internal:prelude>:8:in `synchronize'
  passenger (2.2.11) lib/phusion_passenger/rack/request_handler.rb:92:in `process_request'
  passenger (2.2.11) lib/phusion_passenger/abstract_request_handler.rb:207:in `main_loop'
  passenger (2.2.11) lib/phusion_passenger/railz/application_spawner.rb:418:in `start_request_handler'
  passenger (2.2.11) lib/phusion_passenger/railz/application_spawner.rb:358:in `block in handle_spawn_application'
  passenger (2.2.11) lib/phusion_passenger/utils.rb:184:in `safe_fork'
  passenger (2.2.11) lib/phusion_passenger/railz/application_spawner.rb:354:in `handle_spawn_application'
  passenger (2.2.11) lib/phusion_passenger/abstract_server.rb:352:in `main_loop'
  passenger (2.2.11) lib/phusion_passenger/abstract_server.rb:196:in `start_synchronously'
  passenger (2.2.11) lib/phusion_passenger/abstract_server.rb:163:in `start'
  passenger (2.2.11) lib/phusion_passenger/railz/application_spawner.rb:213:in `start'
  passenger (2.2.11) lib/phusion_passenger/spawn_manager.rb:262:in `block (2 levels) in spawn_rails_application'
  passenger (2.2.11) lib/phusion_passenger/abstract_server_collection.rb:126:in `lookup_or_add'
  passenger (2.2.11) lib/phusion_passenger/spawn_manager.rb:256:in `block in spawn_rails_application'
  passenger (2.2.11) lib/phusion_passenger/abstract_server_collection.rb:80:in `block in synchronize'
  <internal:prelude>:8:in `synchronize'
  passenger (2.2.11) lib/phusion_passenger/abstract_server_collection.rb:79:in `synchronize'
  passenger (2.2.11) lib/phusion_passenger/spawn_manager.rb:255:in `spawn_rails_application'
  passenger (2.2.11) lib/phusion_passenger/spawn_manager.rb:154:in `spawn_application'
  passenger (2.2.11) lib/phusion_passenger/spawn_manager.rb:287:in `handle_spawn_application'
  passenger (2.2.11) lib/phusion_passenger/abstract_server.rb:352:in `main_loop'
  passenger (2.2.11) lib/phusion_passenger/abstract_server.rb:196:in `start_synchronously'

Rendering /media-ec2/ec2a/projects/bufs/bufs_rails/public/500.html (500 Internal Server Error)


Processing BufsInfoDocController#parent_cats (for 66.92.144.112 at 2010-05-21 13:01:27) [GET]
  Parameters: {"node_cat"=>"web_test2"}
Completed in 110ms (View: 0 | 200 OK [http://bufs.younghawk.org/bufs_info_doc/parent_cats?node_cat=web_test2]


Processing BufsInfoDocController#list_attachments (for 66.92.144.112 at 2010-05-21 13:01:27) [POST]
  Parameters: {"node_cat"=>"web_test2"}
Rendering bufs_info_doc/list_attachments
Completed in 124ms (View: 1 | 200 OK [http://bufs.younghawk.org/bufs_info_doc/list_attachments]


Processing BufsInfoDocController#parent_cats (for 66.92.144.112 at 2010-05-21 13:01:30) [GET]
  Parameters: {"node_cat"=>"dummy3"}
Completed in 132ms (View: 0 | 200 OK [http://bufs.younghawk.org/bufs_info_doc/parent_cats?node_cat=dummy3]


Processing BufsInfoDocController#list_attachments (for 66.92.144.112 at 2010-05-21 13:01:30) [POST]
  Parameters: {"node_cat"=>"dummy3"}
Rendering bufs_info_doc/list_attachments
Completed in 144ms (View: 1 | 200 OK [http://bufs.younghawk.org/bufs_info_doc/list_attachments]


Processing BufsInfoDocController#parent_cats (for 66.92.144.112 at 2010-05-21 13:01:39) [GET]
  Parameters: {"node_cat"=>"web_test2"}
Completed in 42ms (View: 0 | 200 OK [http://bufs.younghawk.org/bufs_info_doc/parent_cats?node_cat=web_test2]


Processing BufsInfoDocController#list_attachments (for 66.92.144.112 at 2010-05-21 13:01:39) [POST]
  Parameters: {"node_cat"=>"web_test2"}
Rendering bufs_info_doc/list_attachments
Completed in 152ms (View: 1 | 200 OK [http://bufs.younghawk.org/bufs_info_doc/list_attachments]


Processing BufsInfoDocController#list_attachments (for 66.92.144.112 at 2010-05-21 13:01:45) [POST]
  Parameters: {"node_cat"=>"web_test4"}
Rendering bufs_info_doc/list_attachments
Completed in 137ms (View: 0 | 200 OK [http://bufs.younghawk.org/bufs_info_doc/list_attachments]


Processing BufsInfoDocController#parent_cats (for 66.92.144.112 at 2010-05-21 13:01:45) [GET]
  Parameters: {"node_cat"=>"web_test4"}
Completed in 189ms (View: 0 | 200 OK [http://bufs.younghawk.org/bufs_info_doc/parent_cats?node_cat=web_test4]


Processing BufsInfoDocController#parent_cats (for 66.92.144.112 at 2010-05-21 13:01:50) [GET]
  Parameters: {"node_cat"=>"dummy3"}
Completed in 97ms (View: 0 | 200 OK [http://bufs.younghawk.org/bufs_info_doc/parent_cats?node_cat=dummy3]


Processing BufsInfoDocController#list_attachments (for 66.92.144.112 at 2010-05-21 13:01:50) [POST]
  Parameters: {"node_cat"=>"dummy3"}
Rendering bufs_info_doc/list_attachments
Completed in 130ms (View: 0 | 200 OK [http://bufs.younghawk.org/bufs_info_doc/list_attachments]


Processing BufsInfoDocController#parent_cats (for 66.92.144.112 at 2010-05-21 13:01:54) [GET]
  Parameters: {"node_cat"=>"web_test2"}
Completed in 44ms (View: 0 | 200 OK [http://bufs.younghawk.org/bufs_info_doc/parent_cats?node_cat=web_test2]


Processing BufsInfoDocController#list_attachments (for 66.92.144.112 at 2010-05-21 13:01:54) [POST]
  Parameters: {"node_cat"=>"web_test2"}
Rendering bufs_info_doc/list_attachments
Completed in 118ms (View: 0 | 200 OK [http://bufs.younghawk.org/bufs_info_doc/list_attachments]


Processing BufsInfoDocController#parent_cats (for 66.92.144.112 at 2010-05-21 13:01:57) [GET]
  Parameters: {"node_cat"=>"test_user002"}

NoMethodError (undefined method `parent_categories' for nil:NilClass):
  app/controllers/bufs_info_doc_controller.rb:122:in `parent_cats'
  <internal:prelude>:8:in `synchronize'
  passenger (2.2.11) lib/phusion_passenger/rack/request_handler.rb:92:in `process_request'
  passenger (2.2.11) lib/phusion_passenger/abstract_request_handler.rb:207:in `main_loop'
  passenger (2.2.11) lib/phusion_passenger/railz/application_spawner.rb:418:in `start_request_handler'
  passenger (2.2.11) lib/phusion_passenger/railz/application_spawner.rb:358:in `block in handle_spawn_application'
  passenger (2.2.11) lib/phusion_passenger/utils.rb:184:in `safe_fork'
  passenger (2.2.11) lib/phusion_passenger/railz/application_spawner.rb:354:in `handle_spawn_application'
  passenger (2.2.11) lib/phusion_passenger/abstract_server.rb:352:in `main_loop'
  passenger (2.2.11) lib/phusion_passenger/abstract_server.rb:196:in `start_synchronously'
  passenger (2.2.11) lib/phusion_passenger/abstract_server.rb:163:in `start'
  passenger (2.2.11) lib/phusion_passenger/railz/application_spawner.rb:213:in `start'
  passenger (2.2.11) lib/phusion_passenger/spawn_manager.rb:262:in `block (2 levels) in spawn_rails_application'
  passenger (2.2.11) lib/phusion_passenger/abstract_server_collection.rb:126:in `lookup_or_add'
  passenger (2.2.11) lib/phusion_passenger/spawn_manager.rb:256:in `block in spawn_rails_application'
  passenger (2.2.11) lib/phusion_passenger/abstract_server_collection.rb:80:in `block in synchronize'
  <internal:prelude>:8:in `synchronize'
  passenger (2.2.11) lib/phusion_passenger/abstract_server_collection.rb:79:in `synchronize'
  passenger (2.2.11) lib/phusion_passenger/spawn_manager.rb:255:in `spawn_rails_application'
  passenger (2.2.11) lib/phusion_passenger/spawn_manager.rb:154:in `spawn_application'
  passenger (2.2.11) lib/phusion_passenger/spawn_manager.rb:287:in `handle_spawn_application'
  passenger (2.2.11) lib/phusion_passenger/abstract_server.rb:352:in `main_loop'
  passenger (2.2.11) lib/phusion_passenger/abstract_server.rb:196:in `start_synchronously'

Rendering /media-ec2/ec2a/projects/bufs/bufs_rails/public/500.html (500 Internal Server Error)


Processing BufsInfoDocController#list_attachments (for 66.92.144.112 at 2010-05-21 13:01:57) [POST]
  Parameters: {"node_cat"=>"test_user002"}

NoMethodError (undefined method `get_attachment_names' for nil:NilClass):
  app/controllers/bufs_info_doc_controller.rb:75:in `list_attachments'
  <internal:prelude>:8:in `synchronize'
  passenger (2.2.11) lib/phusion_passenger/rack/request_handler.rb:92:in `process_request'
  passenger (2.2.11) lib/phusion_passenger/abstract_request_handler.rb:207:in `main_loop'
  passenger (2.2.11) lib/phusion_passenger/railz/application_spawner.rb:418:in `start_request_handler'
  passenger (2.2.11) lib/phusion_passenger/railz/application_spawner.rb:358:in `block in handle_spawn_application'
  passenger (2.2.11) lib/phusion_passenger/utils.rb:184:in `safe_fork'
  passenger (2.2.11) lib/phusion_passenger/railz/application_spawner.rb:354:in `handle_spawn_application'
  passenger (2.2.11) lib/phusion_passenger/abstract_server.rb:352:in `main_loop'
  passenger (2.2.11) lib/phusion_passenger/abstract_server.rb:196:in `start_synchronously'
  passenger (2.2.11) lib/phusion_passenger/abstract_server.rb:163:in `start'
  passenger (2.2.11) lib/phusion_passenger/railz/application_spawner.rb:213:in `start'
  passenger (2.2.11) lib/phusion_passenger/spawn_manager.rb:262:in `block (2 levels) in spawn_rails_application'
  passenger (2.2.11) lib/phusion_passenger/abstract_server_collection.rb:126:in `lookup_or_add'
  passenger (2.2.11) lib/phusion_passenger/spawn_manager.rb:256:in `block in spawn_rails_application'
  passenger (2.2.11) lib/phusion_passenger/abstract_server_collection.rb:80:in `block in synchronize'
  <internal:prelude>:8:in `synchronize'
  passenger (2.2.11) lib/phusion_passenger/abstract_server_collection.rb:79:in `synchronize'
  passenger (2.2.11) lib/phusion_passenger/spawn_manager.rb:255:in `spawn_rails_application'
  passenger (2.2.11) lib/phusion_passenger/spawn_manager.rb:154:in `spawn_application'
  passenger (2.2.11) lib/phusion_passenger/spawn_manager.rb:287:in `handle_spawn_application'
  passenger (2.2.11) lib/phusion_passenger/abstract_server.rb:352:in `main_loop'
  passenger (2.2.11) lib/phusion_passenger/abstract_server.rb:196:in `start_synchronously'

Rendering /media-ec2/ec2a/projects/bufs/bufs_rails/public/500.html (500 Internal Server Error)


Processing BufsInfoDocController#parent_cats (for 66.92.144.112 at 2010-05-21 13:02:05) [GET]
  Parameters: {"node_cat"=>"dummy3"}
Completed in 46ms (View: 0 | 200 OK [http://bufs.younghawk.org/bufs_info_doc/parent_cats?node_cat=dummy3]


Processing BufsInfoDocController#list_attachments (for 66.92.144.112 at 2010-05-21 13:02:05) [POST]
  Parameters: {"node_cat"=>"dummy3"}
Rendering bufs_info_doc/list_attachments
Completed in 159ms (View: 1 | 200 OK [http://bufs.younghawk.org/bufs_info_doc/list_attachments]


Processing BufsInfoDocController#parent_cats (for 66.92.144.112 at 2010-05-21 13:02:08) [GET]
  Parameters: {"node_cat"=>"web_test2"}
Completed in 37ms (View: 0 | 200 OK [http://bufs.younghawk.org/bufs_info_doc/parent_cats?node_cat=web_test2]


Processing BufsInfoDocController#list_attachments (for 66.92.144.112 at 2010-05-21 13:02:08) [POST]
  Parameters: {"node_cat"=>"web_test2"}
Rendering bufs_info_doc/list_attachments
Completed in 126ms (View: 0 | 200 OK [http://bufs.younghawk.org/bufs_info_doc/list_attachments]
